<?xml version="1.0" encoding="UTF-8"?>
<testsuite xmlns:xsi="http://www.w3.org/2001/XMLSchema-instance" xsi:schemaLocation="https://maven.apache.org/surefire/maven-surefire-plugin/xsd/surefire-test-report.xsd" name="main.CucumberRunner" time="16.009" tests="6" errors="0" skipped="0" failures="0">
  <properties>
[...]
</properties>
  <testcase name="Given I enter test case &quot;UI_TC_01&quot; to execute scenario &quot;Search and select the product&quot; test" classname="| UI_TC_01 | Search and select the product | Coles Little Shop 2 Mini collectables |" time="0.001"/>
  <testcase name="When I navigate to Ebay website" classname="| UI_TC_01 | Search and select the product | Coles Little Shop 2 Mini collectables |" time="0"/>
  <testcase name="And I enter the &quot;Coles Little Shop 2 Mini collectables&quot; and search the product" classname="| UI_TC_01 | Search and select the product | Coles Little Shop 2 Mini collectables |" time="0"/>
  <testcase name="And I Select the product from product list page" classname="| UI_TC_01 | Search and select the product | Coles Little Shop 2 Mini collectables |" time="0"/>
  <testcase name="Then I see product purchase page" classname="| UI_TC_01 | Search and select the product | Coles Little Shop 2 Mini collectables |" time="0"/>
  <testcase name="| UI_TC_01 | Search and select the product | Coles Little Shop 2 Mini collectables |" classname="| UI_TC_01 | Search and select the product | Coles Little Shop 2 Mini collectables |" time="1.964"/>
</testsuite>